#
# There is insufficient memory for the Java Runtime Environment to continue.
# Native memory allocation (malloc) failed to allocate 1048576 bytes for AllocateHeap
# Possible reasons:
#   The system is out of physical RAM or swap space
#   The process is running with CompressedOops enabled, and the Java Heap may be blocking the growth of the native heap
# Possible solutions:
#   Reduce memory load on the system
#   Increase physical memory or swap space
#   Check if swap backing store is full
#   Decrease Java heap size (-Xmx/-Xms)
#   Decrease number of Java threads
#   Decrease Java thread stack sizes (-Xss)
#   Set larger code cache with -XX:ReservedCodeCacheSize=
#   JVM is running with Zero Based Compressed Oops mode in which the Java heap is
#     placed in the first 32GB address space. The Java Heap base address is the
#     maximum limit for the native heap growth. Please use -XX:HeapBaseMinAddress
#     to set the Java Heap base and to place the Java Heap above 32GB virtual address.
# This output file may be truncated or incomplete.
#
#  Out of Memory Error (memory/allocation.inline.hpp:61), pid=27536, tid=0x00000000000076fc
#
# JRE version:  (8.0_231-b11) (build )
# Java VM: Java HotSpot(TM) 64-Bit Server VM (25.231-b11 mixed mode windows-amd64 compressed oops)
# Failed to write core dump. Minidumps are not enabled by default on client versions of Windows
#

---------------  T H R E A D  ---------------

Current thread (0x0000000002555800):  JavaThread "Unknown thread" [_thread_in_vm, id=30460, stack(0x0000000002230000,0x0000000002330000)]

Stack: [0x0000000002230000,0x0000000002330000]
[error occurred during error reporting (printing stack bounds), id 0xc0000005]

Native frames: (J=compiled Java code, j=interpreted, Vv=VM code, C=native code)


---------------  P R O C E S S  ---------------

Java Threads: ( => current thread )

Other Threads:

=>0x0000000002555800 (exited) JavaThread "Unknown thread" [_thread_in_vm, id=30460, stack(0x0000000002230000,0x0000000002330000)]

VM state:not at safepoint (normal execution)

VM Mutex/Monitor currently owned by a thread: None

heap address: 0x00000005c2000000, size: 8160 MB, Compressed Oops mode: Zero based, Oop shift amount: 3
Narrow klass base: 0x0000000000000000, Narrow klass shift: 3
Compressed class space size: 1073741824 Address: 0x00000007c0000000

Heap:
 PSYoungGen      total 152576K, used 2621K [0x0000000716000000, 0x0000000720a00000, 0x00000007c0000000)
  eden space 131072K, 2% used [0x0000000716000000,0x000000071628f5d0,0x000000071e000000)
  from space 21504K, 0% used [0x000000071f500000,0x000000071f500000,0x0000000720a00000)
  to   space 21504K, 0% used [0x000000071e000000,0x000000071e000000,0x000000071f500000)
 ParOldGen       total 348160K, used 0K [0x00000005c2000000, 0x00000005d7400000, 0x0000000716000000)
  object space 348160K, 0% used [0x00000005c2000000,0x00000005c2000000,0x00000005d7400000)
 Metaspace       used 776K, capacity 4480K, committed 4480K, reserved 1056768K
  class space    used 76K, capacity 384K, committed 384K, reserved 1048576K

Card table byte_map: [0x0000000011a10000,0x0000000012a10000] byte_map_base: 0x000000000ec00000

Marking Bits: (ParMarkBitMap*) 0x000000005e166d90
 Begin Bits: [0x0000000013cb0000, 0x000000001bc30000)
 End Bits:   [0x000000001bc30000, 0x0000000023bb0000)

Polling page: 0x00000000009e0000

CodeCache: size=245760Kb used=328Kb max_used=328Kb free=245431Kb
 bounds [0x0000000002650000, 0x00000000028c0000, 0x0000000011650000]
 total_blobs=58 nmethods=0 adapters=38
 compilation: enabled

Compilation events (0 events):
No events

GC Heap History (0 events):
No events

Deoptimization events (0 events):
No events

Classes redefined (0 events):
No events

Internal exceptions (0 events):
No events

Events (10 events):
Event: 0.048 loading class java/lang/Short
Event: 0.048 loading class java/lang/Short done
Event: 0.048 loading class java/lang/Integer
Event: 0.048 loading class java/lang/Integer done
Event: 0.048 loading class java/lang/Long
Event: 0.048 loading class java/lang/Long done
Event: 0.049 loading class java/lang/NullPointerException
Event: 0.049 loading class java/lang/NullPointerException done
Event: 0.049 loading class java/lang/ArithmeticException
Event: 0.049 loading class java/lang/ArithmeticException done


Dynamic libraries:
0x00007ff6a9760000 - 0x00007ff6a9797000 	C:\Program Files\Java\jdk1.8.0_231\bin\java.exe
0x00007ffad77f0000 - 0x00007ffad79e6000 	C:\WINDOWS\SYSTEM32\ntdll.dll
0x00007ffad6e30000 - 0x00007ffad6eed000 	C:\WINDOWS\System32\KERNEL32.DLL
0x00007ffad4fc0000 - 0x00007ffad5289000 	C:\WINDOWS\System32\KERNELBASE.dll
0x00007ffad7630000 - 0x00007ffad76dc000 	C:\WINDOWS\System32\ADVAPI32.dll
0x00007ffad58b0000 - 0x00007ffad594e000 	C:\WINDOWS\System32\msvcrt.dll
0x00007ffad61c0000 - 0x00007ffad625c000 	C:\WINDOWS\System32\sechost.dll
0x00007ffad72b0000 - 0x00007ffad73db000 	C:\WINDOWS\System32\RPCRT4.dll
0x00007ffad6820000 - 0x00007ffad69c0000 	C:\WINDOWS\System32\USER32.dll
0x00007ffad4f30000 - 0x00007ffad4f52000 	C:\WINDOWS\System32\win32u.dll
0x00007ffad7550000 - 0x00007ffad757a000 	C:\WINDOWS\System32\GDI32.dll
0x00007ffad5310000 - 0x00007ffad541b000 	C:\WINDOWS\System32\gdi32full.dll
0x00007ffad57b0000 - 0x00007ffad584d000 	C:\WINDOWS\System32\msvcp_win.dll
0x00007ffad56b0000 - 0x00007ffad57b0000 	C:\WINDOWS\System32\ucrtbase.dll
0x00007ffab0c30000 - 0x00007ffab0ecb000 	C:\WINDOWS\WinSxS\amd64_microsoft.windows.common-controls_6595b64144ccf1df_6.0.19041.746_none_ca02b4b61b8320a4\COMCTL32.dll
0x00007ffad65c0000 - 0x00007ffad65f0000 	C:\WINDOWS\System32\IMM32.DLL
0x000000005e1f0000 - 0x000000005e2c2000 	C:\Program Files\Java\jdk1.8.0_231\jre\bin\msvcr100.dll
0x000000005d940000 - 0x000000005e1e6000 	C:\Program Files\Java\jdk1.8.0_231\jre\bin\server\jvm.dll
0x00007ffad67a0000 - 0x00007ffad67a8000 	C:\WINDOWS\System32\PSAPI.DLL
0x00007ffac1310000 - 0x00007ffac1337000 	C:\WINDOWS\SYSTEM32\WINMM.dll
0x00007ffacaa80000 - 0x00007ffacaa8a000 	C:\WINDOWS\SYSTEM32\VERSION.dll
0x00007ffabd740000 - 0x00007ffabd749000 	C:\WINDOWS\SYSTEM32\WSOCK32.dll
0x00007ffad76e0000 - 0x00007ffad774b000 	C:\WINDOWS\System32\WS2_32.dll
0x00007ffaa9640000 - 0x00007ffaa964f000 	C:\Program Files\Java\jdk1.8.0_231\jre\bin\verify.dll
0x00007ffaa8a80000 - 0x00007ffaa8aa9000 	C:\Program Files\Java\jdk1.8.0_231\jre\bin\java.dll
0x00007ffacac80000 - 0x00007ffacaca3000 	C:\Program Files\Java\jdk1.8.0_231\jre\bin\instrument.dll
0x00007ffa9e0c0000 - 0x00007ffa9e0d6000 	C:\Program Files\Java\jdk1.8.0_231\jre\bin\zip.dll

VM Arguments:
jvm_args: -ea -Dtestng.dtd.http=true -Didea.test.cyclic.buffer.size=1048576 -javaagent:C:\Program Files\JetBrains\IntelliJ IDEA Community Edition 2019.3.3\lib\idea_rt.jar=50057:C:\Program Files\JetBrains\IntelliJ IDEA Community Edition 2019.3.3\bin -Dfile.encoding=UTF-8 
java_command: com.intellij.rt.testng.RemoteTestNGStarter -usedefaultlisteners false -socket50056 @w@C:\Users\kevinogaga\AppData\Local\Temp\idea_working_dirs_testng.tmp -temp C:\Users\kevinogaga\AppData\Local\Temp\idea_testng.tmp
java_class_path (initial): C:\Program Files\JetBrains\IntelliJ IDEA Community Edition 2019.3.3\lib\idea_rt.jar;C:\Program Files\JetBrains\IntelliJ IDEA Community Edition 2019.3.3\plugins\testng\lib\testng-rt.jar;C:\Program Files\Java\jdk1.8.0_231\jre\lib\charsets.jar;C:\Program Files\Java\jdk1.8.0_231\jre\lib\deploy.jar;C:\Program Files\Java\jdk1.8.0_231\jre\lib\ext\access-bridge-64.jar;C:\Program Files\Java\jdk1.8.0_231\jre\lib\ext\cldrdata.jar;C:\Program Files\Java\jdk1.8.0_231\jre\lib\ext\dnsns.jar;C:\Program Files\Java\jdk1.8.0_231\jre\lib\ext\jaccess.jar;C:\Program Files\Java\jdk1.8.0_231\jre\lib\ext\jfxrt.jar;C:\Program Files\Java\jdk1.8.0_231\jre\lib\ext\localedata.jar;C:\Program Files\Java\jdk1.8.0_231\jre\lib\ext\nashorn.jar;C:\Program Files\Java\jdk1.8.0_231\jre\lib\ext\sunec.jar;C:\Program Files\Java\jdk1.8.0_231\jre\lib\ext\sunjce_provider.jar;C:\Program Files\Java\jdk1.8.0_231\jre\lib\ext\sunmscapi.jar;C:\Program Files\Java\jdk1.8.0_231\jre\lib\ext\sunpkcs11.jar;C:\Program Files\Java\jdk1.8.0_231\jre\lib\ext\zipfs.jar;C:\Program Files\Java\jdk1.8.0_231\jre\lib\javaws.jar;C:\Program Files\Java\jdk1.8.0_231\jre\lib\jce.jar;C:\Program Files\Java\jdk1.8.0_231\jre\lib\jfr.jar;C:\Program Files\Java\jdk1.8.0_231\jre\lib\jfxswt.jar;C:\Program Files\Java\jdk1.8.0_231\jre\lib\jsse.jar;C:\Program Files\Java\jdk1.8.0_231\jre\lib\management-agent.jar;C:\Program Files\Java\jdk1.8.0_231\jre\lib\plugin.jar;C:\Program Files\Java\jdk1.8.0_231\jre\lib\resources.jar;C:\Program Files\Java\jdk1.8.0_231\jre\lib\rt.jar;C:\Users\kevinogaga\gitHub\Automate-WebTable\target\test-classes;C:\Users\kevinogaga\gitHub\Automate-WebTable\target\classes;C:\Users\kevinogaga\.m2\repository\org\testng\testng\7.3.0\testng-7.3.0.jar;C:\Users\kevinogaga\.m2\repository\com\beust\jcommander\1.78\jcommander-1.78.jar;C:\Users\kevinogaga\.m2\repository\org\apache\ant\ant\1.10.3\ant-1.10.3.jar;C:\Users\kevinogaga\.m2\repository\org\apache\ant\ant-launcher\1.10.3\ant-launcher-1.10.3.jar;C:\Users\kev
Launcher Type: SUN_STANDARD

Environment Variables:
JAVA_HOME=C:\Program Files\Java\jdk
PATH=C:\Program Files (x86)\Common Files\Oracle\Java\javapath;C:\WINDOWS\system32;C:\WINDOWS;C:\WINDOWS\System32\Wbem;C:\WINDOWS\System32\WindowsPowerShell\v1.0\;C:\WINDOWS\System32\OpenSSH\;C:\Program Files\Microsoft SQL Server\Client SDK\ODBC\130\Tools\Binn\;C:\Program Files (x86)\Microsoft SQL Server\140\Tools\Binn\;C:\Program Files\Microsoft SQL Server\140\Tools\Binn\;C:\Program Files\Microsoft SQL Server\140\DTS\Binn\;C:\Program Files (x86)\Microsoft SQL Server\150\DTS\Binn\;E:\WebDrivers;C:\Users\kevinogaga\AppData\Local\Programs\Python\Python37-32\Selenium\WebDrivers;C:\Program Files\Java\jdk\bin;C:\Users\kevinogaga\apache-maven-3.6.2\bin;C:\Program Files\SourceGear\Common\DiffMerge\;C:\Program Files\Git\cmd;C:\Program Files\nodejs\;C:\Users\kevinogaga\AppData\Local\Packages\PythonSoftwareFoundation.Python.3.9_qbz5n2kfra8p0\LocalCache\local-packages\Python39\Scripts;C:\Program Files\Java\jdk\bin;C:\Program Files\MySQL\MySQL Shell 8.0\bin\;C:\Users\kevinogaga\AppData\Local\Microsoft\WindowsApps;C:\Users\kevinogaga\AppData\Local\atom\bin;C:\Users\kevinogaga\AppData\Local\Programs\Python\Python37-32;C:\Users\kevinogaga\AppData\Local\Programs\Python\Python37-32\Scripts;E:\Program Files\JetBrains\PyCharm Community Edition 2019.1.1\bin;;E:\WebDrivers;C:\Users\kevinogaga\AppData\Local\Programs\Python\Python37-32\Selenium\WebDrivers;;C:\Users\kevinogaga\AppData\Local\Programs\Microsoft VS Code\bin;C:\Users\kevinogaga\AppData\Local\Microsoft\WindowsApps;C:\Program Files\JetBrains\IntelliJ IDEA Community Edition 2019.3.3\bin;;C:\Users\kevinogaga\AppData\Roaming\npm;C:\Users\kevinogaga\AppData\Local\Programs\Fiddler
USERNAME=kevinogaga
OS=Windows_NT
PROCESSOR_IDENTIFIER=Intel64 Family 6 Model 142 Stepping 10, GenuineIntel



---------------  S Y S T E M  ---------------

OS: Windows 10.0 , 64 bit Build 19041 (10.0.19041.804)

CPU:total 8 (initial active 8) (4 cores per cpu, 2 threads per core) family 6 model 142 stepping 10, cmov, cx8, fxsr, mmx, sse, sse2, sse3, ssse3, sse4.1, sse4.2, popcnt, avx, avx2, aes, clmul, erms, 3dnowpref, lzcnt, ht, tsc, tscinvbit, bmi1, bmi2, adx

Memory: 4k page, physical 33419756k(8182184k free), swap 63757424k(5528k free)

vm_info: Java HotSpot(TM) 64-Bit Server VM (25.231-b11) for windows-amd64 JRE (1.8.0_231-b11), built on Oct  5 2019 03:11:30 by "java_re" with MS VC++ 10.0 (VS2010)

time: Sun Mar 07 13:31:12 2021
timezone: GMT Standard Time
elapsed time: 0 seconds (0d 0h 0m 0s)

