[INFO ] 2021-03-26 19:42:08.895 [main] base - Initialising driver
[INFO ] 2021-03-26 19:42:18.249 [main] GetItemPriceTest - Stared browser successfully
[INFO ] 2021-03-26 19:42:22.065 [main] GetItemPriceTest - Navigating to https://rahulshettyacademy.com/seleniumPractise/#/offers
[INFO ] 2021-03-26 19:42:22.114 [main] GetItemPriceTest - Validating item price
[INFO ] 2021-03-26 19:42:22.197 [main] GetItemPriceTest - Getting the price of the vegetable
[INFO ] 2021-03-26 19:42:22.238 [main] GetItemPriceTest - Rice Price: 37
[INFO ] 2021-03-26 19:42:22.244 [main] GetItemPriceTest - Validating item price
[INFO ] 2021-03-26 19:42:22.272 [main] GetItemPriceTest - Getting the price of the vegetable
[INFO ] 2021-03-26 19:42:22.323 [main] GetItemPriceTest - Tomato Price: 37
[INFO ] 2021-03-26 19:42:22.323 [main] GetItemPriceTest - Validating item price
[INFO ] 2021-03-26 19:42:25.670 [main] GetItemPriceTest - Getting the price of the vegetable
[INFO ] 2021-03-26 19:42:25.707 [main] GetItemPriceTest - Carrot Price: 34
[INFO ] 2021-03-26 19:42:25.847 [main] GetItemPriceTest - Closed browser successfully
[INFO ] 2021-03-26 19:54:49.563 [main] base - Initialising driver
[INFO ] 2021-03-26 19:54:49.572 [main] base - Starting chrome driver
[INFO ] 2021-03-26 19:54:54.190 [main] GetItemPriceTest - Stared browser successfully
[INFO ] 2021-03-26 19:54:56.170 [main] GetItemPriceTest - Navigating to https://rahulshettyacademy.com/seleniumPractise/#/offers
[INFO ] 2021-03-26 19:54:56.241 [main] GetItemPriceTest - Validating item price
[INFO ] 2021-03-26 19:54:56.366 [main] GetItemPriceTest - Getting the price of the vegetable
[INFO ] 2021-03-26 19:54:56.456 [main] GetItemPriceTest - Rice Price: 37
[INFO ] 2021-03-26 19:54:56.465 [main] GetItemPriceTest - Validating item price
[INFO ] 2021-03-26 19:54:56.504 [main] GetItemPriceTest - Getting the price of the vegetable
[INFO ] 2021-03-26 19:54:56.586 [main] GetItemPriceTest - Tomato Price: 37
[INFO ] 2021-03-26 19:54:56.587 [main] GetItemPriceTest - Validating item price
[INFO ] 2021-03-26 19:54:59.936 [main] GetItemPriceTest - Getting the price of the vegetable
[INFO ] 2021-03-26 19:54:59.974 [main] GetItemPriceTest - Carrot Price: 34
[INFO ] 2021-03-26 19:55:00.214 [main] GetItemPriceTest - Closed browser successfully
[INFO ] 2021-03-26 19:56:23.283 [main] base - Initialising driver
[INFO ] 2021-03-26 19:56:23.294 [main] base - Starting firefox driver
[INFO ] 2021-03-26 19:58:19.608 [main] base - Initialising driver
[INFO ] 2021-03-26 19:58:19.617 [main] base - Starting microsoft edge driver
[INFO ] 2021-03-26 19:58:33.163 [main] GetItemPriceTest - Stared browser successfully
[INFO ] 2021-03-26 19:58:36.814 [main] GetItemPriceTest - Navigating to https://rahulshettyacademy.com/seleniumPractise/#/offers
[INFO ] 2021-03-26 19:58:36.881 [main] GetItemPriceTest - Validating item price
[INFO ] 2021-03-26 19:58:37.032 [main] GetItemPriceTest - Getting the price of the vegetable
[INFO ] 2021-03-26 19:58:37.107 [main] GetItemPriceTest - Rice Price: 37
[INFO ] 2021-03-26 19:58:37.117 [main] GetItemPriceTest - Validating item price
[INFO ] 2021-03-26 19:58:37.154 [main] GetItemPriceTest - Getting the price of the vegetable
[INFO ] 2021-03-26 19:58:37.231 [main] GetItemPriceTest - Tomato Price: 37
[INFO ] 2021-03-26 19:58:37.232 [main] GetItemPriceTest - Validating item price
[INFO ] 2021-03-26 19:58:40.585 [main] GetItemPriceTest - Getting the price of the vegetable
[INFO ] 2021-03-26 19:58:40.633 [main] GetItemPriceTest - Carrot Price: 34
[INFO ] 2021-03-26 19:58:41.256 [main] GetItemPriceTest - Closed browser successfully
[INFO ] 2021-03-26 19:59:07.440 [main] base - Initialising driver
[INFO ] 2021-03-26 19:59:07.450 [main] base - Starting firefox driver
[INFO ] 2021-03-26 19:59:14.770 [main] GetItemPriceTest - Stared browser successfully
[INFO ] 2021-03-26 19:59:17.094 [main] GetItemPriceTest - Navigating to https://rahulshettyacademy.com/seleniumPractise/#/offers
[INFO ] 2021-03-26 19:59:17.167 [main] GetItemPriceTest - Validating item price
[INFO ] 2021-03-26 19:59:17.275 [main] GetItemPriceTest - Getting the price of the vegetable
[INFO ] 2021-03-26 19:59:17.315 [main] GetItemPriceTest - Rice Price: 37
[INFO ] 2021-03-26 19:59:17.327 [main] GetItemPriceTest - Validating item price
[INFO ] 2021-03-26 19:59:17.360 [main] GetItemPriceTest - Getting the price of the vegetable
[INFO ] 2021-03-26 19:59:17.405 [main] GetItemPriceTest - Tomato Price: 37
[INFO ] 2021-03-26 19:59:17.406 [main] GetItemPriceTest - Validating item price
[INFO ] 2021-03-26 19:59:21.082 [main] GetItemPriceTest - Getting the price of the vegetable
[INFO ] 2021-03-26 19:59:21.113 [main] GetItemPriceTest - Carrot Price: 34
[INFO ] 2021-03-26 19:59:22.702 [main] GetItemPriceTest - Closed browser successfully
[INFO ] 2021-03-26 20:00:24.538 [main] base - Initialising driver
[INFO ] 2021-03-26 20:00:24.549 [main] base - Starting firefox driver
[INFO ] 2021-03-26 20:00:31.533 [main] GetItemPriceTest - Stared browser successfully
[INFO ] 2021-03-26 20:00:33.895 [main] GetItemPriceTest - Navigating to https://rahulshettyacademy.com/seleniumPractise/#/offers
[INFO ] 2021-03-26 20:00:33.969 [main] GetItemPriceTest - Validating item price
[INFO ] 2021-03-26 20:00:34.076 [main] GetItemPriceTest - Getting the price of the vegetable
[INFO ] 2021-03-26 20:00:34.104 [main] GetItemPriceTest - Rice Price: 37
[INFO ] 2021-03-26 20:00:34.112 [main] GetItemPriceTest - Validating item price
[INFO ] 2021-03-26 20:00:34.149 [main] GetItemPriceTest - Getting the price of the vegetable
[INFO ] 2021-03-26 20:00:34.190 [main] GetItemPriceTest - Tomato Price: 37
[INFO ] 2021-03-26 20:00:34.191 [main] GetItemPriceTest - Validating item price
[INFO ] 2021-03-26 20:00:37.873 [main] GetItemPriceTest - Getting the price of the vegetable
[INFO ] 2021-03-26 20:00:37.902 [main] GetItemPriceTest - Carrot Price: 34
[INFO ] 2021-03-26 20:00:39.421 [main] GetItemPriceTest - Closed browser successfully
